Drill report for /home/dima/home_projects/6H28/ki/headamp/headamp.kicad_pcb
Created on Вт 07 янв 2020 12:15:57

Copper Layer Stackup:
    =============================================================
    L1 :  F.Cu                      front
    L2 :  B.Cu                      back


Drill file 'headamp.drl' contains
    plated through holes:
    =============================================================
    T1  0,50mm  0,020"  (45 holes)
    T2  1,00mm  0,039"  (19 holes)
    T3  1,00mm  0,039"  (4 holes)
    T4  1,20mm  0,047"  (4 holes)
    T5  1,30mm  0,051"  (6 holes)
    T6  1,50mm  0,059"  (8 holes)
    T7  2,00mm  0,079"  (2 holes)

    Total plated holes count 88


Not plated through holes are merged with plated holes
    unplated through holes:
    =============================================================

    Total unplated holes count 0
